<?xml version="1.0" encoding="UTF-8"?>
<!-- Generated by org.testng.reporters.JUnitXMLReporter -->
<testsuite hostname="Deepak-PC" name="Default test" tests="4" failures="0" timestamp="9 Mar 2019 12:51:46 GMT" time="16.099" errors="0">
  <testcase name="getAccountTest" time="5.814" classname="com.rest.gpapi.getAccount"/>
  <testcase name="getAccountTest" time="3.002" classname="com.rest.gpapi.getAccount"/>
  <testcase name="getAccountTest" time="2.46" classname="com.rest.gpapi.getAccount"/>
  <testcase name="getAccountTest" time="2.212" classname="com.rest.gpapi.getAccount"/>
</testsuite> <!-- Default test -->
